[debug] [2026-06-03T14:47:00.769Z] ----------------------------------------------------------------------
[debug] [2026-06-03T14:47:00.771Z] Command:       /Users/cultureos/.nvm/versions/node/v22.22.3/bin/node /Users/cultureos/.nvm/versions/node/v22.22.3/bin/firebase deploy
[debug] [2026-06-03T14:47:00.771Z] CLI Version:   15.19.0
[debug] [2026-06-03T14:47:00.771Z] Platform:      darwin
[debug] [2026-06-03T14:47:00.771Z] Node Version:  v22.22.3
[debug] [2026-06-03T14:47:00.771Z] Time:          Thu Jun 04 2026 00:47:00 GMT+1000 (Australian Eastern Standard Time)
[debug] [2026-06-03T14:47:00.771Z] ----------------------------------------------------------------------
[debug] 
[debug] [2026-06-03T14:47:01.604Z] > command requires scopes: ["email","openid","https://www.googleapis.com/auth/cloudplatformprojects.readonly","https://www.googleapis.com/auth/firebase","https://www.googleapis.com/auth/cloud-platform"]
[debug] [2026-06-03T14:47:01.604Z] > authorizing via signed-in user (cultureos.co@gmail.com)
[debug] [2026-06-03T14:47:01.604Z] [iam] checking project culturepass-4f264 for permissions ["cloudfunctions.functions.create","cloudfunctions.functions.delete","cloudfunctions.functions.get","cloudfunctions.functions.list","cloudfunctions.functions.update","cloudfunctions.operations.get","datastore.indexes.create","datastore.indexes.delete","datastore.indexes.list","datastore.indexes.update","firebase.projects.get","firebasehosting.sites.update","firebaserules.releases.create","firebaserules.releases.update","firebaserules.rulesets.create"]
[debug] [2026-06-03T14:47:01.605Z] Checked if tokens are valid: true, expires at: 1780500817851
[debug] [2026-06-03T14:47:01.605Z] Checked if tokens are valid: true, expires at: 1780500817851
[debug] [2026-06-03T14:47:01.605Z] >>> [apiv2][query] POST https://cloudresourcemanager.googleapis.com/v1/projects/culturepass-4f264:testIamPermissions [none]
[debug] [2026-06-03T14:47:01.605Z] >>> [apiv2][(partial)header] POST https://cloudresourcemanager.googleapis.com/v1/projects/culturepass-4f264:testIamPermissions  x-goog-user-project=culturepass-4f264
[debug] [2026-06-03T14:47:01.605Z] >>> [apiv2][body] POST https://cloudresourcemanager.googleapis.com/v1/projects/culturepass-4f264:testIamPermissions {"permissions":["cloudfunctions.functions.create","cloudfunctions.functions.delete","cloudfunctions.functions.get","cloudfunctions.functions.list","cloudfunctions.functions.update","cloudfunctions.operations.get","datastore.indexes.create","datastore.indexes.delete","datastore.indexes.list","datastore.indexes.update","firebase.projects.get","firebasehosting.sites.update","firebaserules.releases.create","firebaserules.releases.update","firebaserules.rulesets.create"]}
[debug] [2026-06-03T14:47:01.999Z] <<< [apiv2][status] POST https://cloudresourcemanager.googleapis.com/v1/projects/culturepass-4f264:testIamPermissions 200
[debug] [2026-06-03T14:47:01.999Z] <<< [apiv2][body] POST https://cloudresourcemanager.googleapis.com/v1/projects/culturepass-4f264:testIamPermissions {"permissions":["cloudfunctions.functions.create","cloudfunctions.functions.delete","cloudfunctions.functions.get","cloudfunctions.functions.list","cloudfunctions.functions.update","cloudfunctions.operations.get","datastore.indexes.create","datastore.indexes.delete","datastore.indexes.list","datastore.indexes.update","firebase.projects.get","firebasehosting.sites.update","firebaserules.releases.create","firebaserules.releases.update","firebaserules.rulesets.create"]}
[debug] [2026-06-03T14:47:02.000Z] Checked if tokens are valid: true, expires at: 1780500817851
[debug] [2026-06-03T14:47:02.000Z] Checked if tokens are valid: true, expires at: 1780500817851
[debug] [2026-06-03T14:47:02.000Z] >>> [apiv2][query] POST https://iam.googleapis.com/v1/projects/culturepass-4f264/serviceAccounts/culturepass-4f264@appspot.gserviceaccount.com:testIamPermissions [none]
[debug] [2026-06-03T14:47:02.000Z] >>> [apiv2][body] POST https://iam.googleapis.com/v1/projects/culturepass-4f264/serviceAccounts/culturepass-4f264@appspot.gserviceaccount.com:testIamPermissions {"permissions":["iam.serviceAccounts.actAs"]}
[debug] [2026-06-03T14:47:03.371Z] <<< [apiv2][status] POST https://iam.googleapis.com/v1/projects/culturepass-4f264/serviceAccounts/culturepass-4f264@appspot.gserviceaccount.com:testIamPermissions 200
[debug] [2026-06-03T14:47:03.371Z] <<< [apiv2][body] POST https://iam.googleapis.com/v1/projects/culturepass-4f264/serviceAccounts/culturepass-4f264@appspot.gserviceaccount.com:testIamPermissions {"permissions":["iam.serviceAccounts.actAs"]}
[debug] [2026-06-03T14:47:03.371Z] Checked if tokens are valid: true, expires at: 1780500817851
[debug] [2026-06-03T14:47:03.371Z] Checked if tokens are valid: true, expires at: 1780500817851
[debug] [2026-06-03T14:47:03.371Z] >>> [apiv2][query] GET https://firebase.googleapis.com/v1beta1/projects/culturepass-4f264 [none]
[debug] [2026-06-03T14:47:03.941Z] <<< [apiv2][status] GET https://firebase.googleapis.com/v1beta1/projects/culturepass-4f264 200
[debug] [2026-06-03T14:47:03.941Z] <<< [apiv2][body] GET https://firebase.googleapis.com/v1beta1/projects/culturepass-4f264 {"projectId":"culturepass-4f264","projectNumber":"476251116440","displayName":"CulturePass","name":"projects/culturepass-4f264","resources":{"hostingSite":"culturepass-4f264"},"state":"ACTIVE","etag":"1_dab094b6-d4ba-4c5d-9fbe-0b84ba0944a9"}
[info] 
[info] === Deploying to 'culturepass-4f264'...
[info] 
[info] i  deploying storage, firestore, functions, hosting 
[info] Running command: npm --prefix "$RESOURCE_DIR" run build
[info] ✔  functions: Finished running predeploy script. 
[info] i  storage: ensuring required API firebasestorage.googleapis.com is enabled... 
[debug] [2026-06-03T14:47:07.381Z] Checked if tokens are valid: true, expires at: 1780500817851
[debug] [2026-06-03T14:47:07.381Z] Checked if tokens are valid: true, expires at: 1780500817851
[debug] [2026-06-03T14:47:07.381Z] >>> [apiv2][query] GET https://firebasestorage.googleapis.com/v1alpha/projects/culturepass-4f264/defaultBucket [none]
[debug] [2026-06-03T14:47:08.486Z] <<< [apiv2][status] GET https://firebasestorage.googleapis.com/v1alpha/projects/culturepass-4f264/defaultBucket 200
[debug] [2026-06-03T14:47:08.487Z] <<< [apiv2][body] GET https://firebasestorage.googleapis.com/v1alpha/projects/culturepass-4f264/defaultBucket {"name":"projects/culturepass-4f264/defaultBucket","location":"AUSTRALIA-SOUTHEAST1","bucket":{"name":"projects/culturepass-4f264/buckets/culturepass-4f264.firebasestorage.app"},"storageClass":"REGIONAL"}
[info] i  firebase.storage: checking firebase/storage.rules for compilation errors... 
[debug] [2026-06-03T14:47:08.490Z] Checked if tokens are valid: true, expires at: 1780500817851
[debug] [2026-06-03T14:47:08.490Z] Checked if tokens are valid: true, expires at: 1780500817851
[debug] [2026-06-03T14:47:08.490Z] >>> [apiv2][query] POST https://firebaserules.googleapis.com/v1/projects/culturepass-4f264:test [none]
[debug] [2026-06-03T14:47:08.491Z] >>> [apiv2][body] POST https://firebaserules.googleapis.com/v1/projects/culturepass-4f264:test [omitted]
[debug] [2026-06-03T14:47:10.048Z] <<< [apiv2][status] POST https://firebaserules.googleapis.com/v1/projects/culturepass-4f264:test 200
[debug] [2026-06-03T14:47:10.049Z] <<< [apiv2][body] POST https://firebaserules.googleapis.com/v1/projects/culturepass-4f264:test {}
[info] ✔  firebase.storage: rules file firebase/storage.rules compiled successfully 
[info] i  firestore: ensuring required API firestore.googleapis.com is enabled... 
[info] i  firestore: ensuring required API firestore.googleapis.com is enabled... 
[debug] [2026-06-03T14:47:10.051Z] Checked if tokens are valid: true, expires at: 1780500817851
[debug] [2026-06-03T14:47:10.051Z] Checked if tokens are valid: true, expires at: 1780500817851
[debug] [2026-06-03T14:47:10.051Z] >>> [apiv2][query] GET https://firestore.googleapis.com/v1/projects/culturepass-4f264/databases/(default) [none]
[debug] [2026-06-03T14:47:10.383Z] <<< [apiv2][status] GET https://firestore.googleapis.com/v1/projects/culturepass-4f264/databases/(default) 200
[debug] [2026-06-03T14:47:10.383Z] <<< [apiv2][body] GET https://firestore.googleapis.com/v1/projects/culturepass-4f264/databases/(default) {"name":"projects/culturepass-4f264/databases/(default)","uid":"8b553421-0d9b-46fb-a341-6bfe6a2f0283","createTime":"2026-04-12T18:59:51.912135Z","updateTime":"2026-04-12T18:59:51.912135Z","locationId":"australia-southeast1","type":"FIRESTORE_NATIVE","concurrencyMode":"PESSIMISTIC","versionRetentionPeriod":"3600s","earliestVersionTime":"2026-06-03T13:47:10.467158Z","appEngineIntegrationMode":"DISABLED","keyPrefix":"f","pointInTimeRecoveryEnablement":"POINT_IN_TIME_RECOVERY_DISABLED","deleteProtectionState":"DELETE_PROTECTION_DISABLED","databaseEdition":"STANDARD","freeTier":true,"realtimeUpdatesMode":"REALTIME_UPDATES_MODE_ENABLED","etag":"IJurhIWo65QDMLaauZSA6ZMD"}
[info] i  firestore: reading indexes from firebase/firestore.indexes.json... 
[info] i  cloud.firestore: checking firebase/firestore.rules for compilation errors... 
[debug] [2026-06-03T14:47:10.386Z] Checked if tokens are valid: true, expires at: 1780500817851
[debug] [2026-06-03T14:47:10.387Z] Checked if tokens are valid: true, expires at: 1780500817851
[debug] [2026-06-03T14:47:10.387Z] >>> [apiv2][query] POST https://firebaserules.googleapis.com/v1/projects/culturepass-4f264:test [none]
[debug] [2026-06-03T14:47:10.387Z] >>> [apiv2][body] POST https://firebaserules.googleapis.com/v1/projects/culturepass-4f264:test [omitted]
[debug] [2026-06-03T14:47:12.170Z] <<< [apiv2][status] POST https://firebaserules.googleapis.com/v1/projects/culturepass-4f264:test 200
[debug] [2026-06-03T14:47:12.171Z] <<< [apiv2][body] POST https://firebaserules.googleapis.com/v1/projects/culturepass-4f264:test {}
[info] ✔  cloud.firestore: rules file firebase/firestore.rules compiled successfully 
[debug] [2026-06-03T14:47:12.172Z] Checked if tokens are valid: true, expires at: 1780500817851
[debug] [2026-06-03T14:47:12.172Z] Checked if tokens are valid: true, expires at: 1780500817851
[debug] [2026-06-03T14:47:12.173Z] >>> [apiv2][query] GET https://cloudresourcemanager.googleapis.com/v1/projects/culturepass-4f264 [none]
[debug] [2026-06-03T14:47:12.584Z] <<< [apiv2][status] GET https://cloudresourcemanager.googleapis.com/v1/projects/culturepass-4f264 200
[debug] [2026-06-03T14:47:12.584Z] <<< [apiv2][body] GET https://cloudresourcemanager.googleapis.com/v1/projects/culturepass-4f264 {"projectNumber":"476251116440","projectId":"culturepass-4f264","lifecycleState":"ACTIVE","name":"CulturePass","labels":{"firebase":"enabled","firebase-core":"disabled"},"createTime":"2026-03-26T13:40:32.040Z"}
[info] i  functions: preparing codebase default for deployment 
[info] i  functions: ensuring required API cloudfunctions.googleapis.com is enabled... 
[info] i  functions: ensuring required API cloudbuild.googleapis.com is enabled... 
[info] i  artifactregistry: ensuring required API artifactregistry.googleapis.com is enabled... 
[debug] [2026-06-03T14:47:12.586Z] Checked if tokens are valid: true, expires at: 1780500817851
[debug] [2026-06-03T14:47:12.586Z] Checked if tokens are valid: true, expires at: 1780500817851
[debug] [2026-06-03T14:47:12.586Z] >>> [apiv2][query] GET https://firebase.googleapis.com/v1beta1/projects/culturepass-4f264/adminSdkConfig [none]
[debug] [2026-06-03T14:47:13.731Z] <<< [apiv2][status] GET https://firebase.googleapis.com/v1beta1/projects/culturepass-4f264/adminSdkConfig 200
[debug] [2026-06-03T14:47:13.731Z] <<< [apiv2][body] GET https://firebase.googleapis.com/v1beta1/projects/culturepass-4f264/adminSdkConfig {"projectId":"culturepass-4f264","storageBucket":"culturepass-4f264.firebasestorage.app"}
[debug] [2026-06-03T14:47:13.732Z] Checked if tokens are valid: true, expires at: 1780500817851
[debug] [2026-06-03T14:47:13.732Z] Checked if tokens are valid: true, expires at: 1780500817851
[debug] [2026-06-03T14:47:13.732Z] >>> [apiv2][query] GET https://runtimeconfig.googleapis.com/v1beta1/projects/culturepass-4f264/configs [none]
[debug] [2026-06-03T14:47:14.347Z] <<< [apiv2][status] GET https://runtimeconfig.googleapis.com/v1beta1/projects/culturepass-4f264/configs 200
[debug] [2026-06-03T14:47:14.347Z] <<< [apiv2][body] GET https://runtimeconfig.googleapis.com/v1beta1/projects/culturepass-4f264/configs {}
