npm warn ERESOLVE overriding peer dependency
npm warn While resolving: culturepass-app@1.2.1
npm warn Found: react-native-safe-area-context@5.6.2
npm warn node_modules/react-native-safe-area-context
npm warn   react-native-safe-area-context@"50.0.1" from the root project
npm warn
npm warn Could not resolve dependency:
npm warn peer overridden react-native-safe-area-context@"50.0.1" (was ">= 5.4.0") from expo-router@55.0.16
npm warn node_modules/expo-router
npm warn   peerOptional expo-router@"*" from @expo/cli@55.0.32
npm warn   node_modules/@expo/cli
npm warn   2 more (@expo/router-server, the root project)
npm warn ERESOLVE overriding peer dependency
npm warn While resolving: culturepass-app@1.2.1
npm warn Found: react-native-safe-area-context@5.6.2
npm warn node_modules/react-native-safe-area-context
npm warn   react-native-safe-area-context@"50.0.1" from the root project
npm warn
npm warn Could not resolve dependency:
npm warn peer overridden react-native-safe-area-context@"50.0.1" (was ">= 5.4.0") from expo-router@55.0.16
npm warn node_modules/expo-router
npm warn   peerOptional expo-router@"*" from @expo/cli@55.0.32
npm warn   node_modules/@expo/cli
npm warn   2 more (@expo/router-server, the root project)
npm error Unable to resolve reference $react
npm error A complete log of this run can be found in: /Users/cultureos/.npm/_logs/2026-05-24T15_31_26_508Z-debug-0.log
