npm warn ERESOLVE overriding peer dependency
npm warn While resolving: @expo/vector-icons@15.1.1
npm warn Found: expo-font@13.0.4
npm warn node_modules/expo-font
npm warn   peer expo-font@"*" from expo-symbols@55.0.9
npm warn   node_modules/expo-symbols
npm warn     expo-symbols@"^55.0.9" from expo-router@55.0.16
npm warn     node_modules/expo-router
npm warn   1 more (the root project)
npm warn
npm warn Could not resolve dependency:
npm warn peer expo-font@">=14.0.4" from @expo/vector-icons@15.1.1
npm warn node_modules/@expo/vector-icons
npm warn   @expo/vector-icons@"^15.0.2" from expo@55.0.26
npm warn   node_modules/expo
npm warn
npm warn Conflicting peer dependency: expo-font@56.0.5
npm warn node_modules/expo-font
npm warn   peer expo-font@">=14.0.4" from @expo/vector-icons@15.1.1
npm warn   node_modules/@expo/vector-icons
npm warn     @expo/vector-icons@"^15.0.2" from expo@55.0.26
npm warn     node_modules/expo
npm warn ERESOLVE overriding peer dependency
npm warn While resolving: @react-native/virtualized-lists@0.83.6
npm warn Found: @types/react@18.2.79
npm warn node_modules/@types/react
npm warn   peerOptional @types/react@"*" from @radix-ui/react-collection@1.1.7
npm warn   node_modules/@radix-ui/react-collection
npm warn     @radix-ui/react-collection@"1.1.7" from @radix-ui/react-roving-focus@1.1.11
npm warn     node_modules/@radix-ui/react-roving-focus
npm warn   29 more (@radix-ui/react-slot, @radix-ui/react-compose-refs, ...)
npm warn
npm warn Could not resolve dependency:
npm warn peerOptional @types/react@"^19.2.0" from @react-native/virtualized-lists@0.83.6
npm warn node_modules/@react-native/virtualized-lists
npm warn   @react-native/virtualized-lists@"0.83.6" from react-native@0.83.6
npm warn   node_modules/react-native
npm warn
npm warn Conflicting peer dependency: @types/react@19.2.15
npm warn node_modules/@types/react
npm warn   peerOptional @types/react@"^19.2.0" from @react-native/virtualized-lists@0.83.6
npm warn   node_modules/@react-native/virtualized-lists
npm warn     @react-native/virtualized-lists@"0.83.6" from react-native@0.83.6
npm warn     node_modules/react-native
npm error code ERESOLVE
npm error ERESOLVE could not resolve
npm error
npm error While resolving: expo-router@55.0.16
npm error Found: expo-constants@18.0.13
npm error node_modules/expo-constants
npm error   expo-constants@"~18.0.1" from the root project
npm error
npm error Could not resolve dependency:
npm error peer expo-constants@"^55.0.16" from expo-router@55.0.16
npm error node_modules/expo-router
npm error   peerOptional expo-router@"*" from @expo/cli@55.0.32
npm error   node_modules/@expo/cli
npm error     @expo/cli@"55.0.32" from expo@55.0.26
npm error     1 more (the root project)
npm error   peerOptional expo-router@"*" from @expo/router-server@55.0.18
npm error   node_modules/@expo/cli/node_modules/@expo/router-server
npm error     @expo/router-server@"^55.0.18" from @expo/cli@55.0.32
npm error     node_modules/@expo/cli
npm error       @expo/cli@"55.0.32" from expo@55.0.26
npm error       1 more (the root project)
npm error   1 more (the root project)
npm error
npm error Conflicting peer dependency: expo-constants@55.0.16
npm error node_modules/expo-constants
npm error   peer expo-constants@"^55.0.16" from expo-router@55.0.16
npm error   node_modules/expo-router
npm error     peerOptional expo-router@"*" from @expo/cli@55.0.32
npm error     node_modules/@expo/cli
npm error       @expo/cli@"55.0.32" from expo@55.0.26
npm error       1 more (the root project)
npm error     peerOptional expo-router@"*" from @expo/router-server@55.0.18
npm error     node_modules/@expo/cli/node_modules/@expo/router-server
npm error       @expo/router-server@"^55.0.18" from @expo/cli@55.0.32
npm error       node_modules/@expo/cli
npm error         @expo/cli@"55.0.32" from expo@55.0.26
npm error         1 more (the root project)
npm error     1 more (the root project)
npm error
npm error Fix the upstream dependency conflict, or retry
npm error this command with --force or --legacy-peer-deps
npm error to accept an incorrect (and potentially broken) dependency resolution.
npm error
npm error
npm error For a full report see:
npm error /Users/cultureos/.npm/_logs/2026-05-24T15_52_03_445Z-eresolve-report.txt
npm error A complete log of this run can be found in: /Users/cultureos/.npm/_logs/2026-05-24T15_52_03_445Z-debug-0.log
