npm error code ERESOLVE
npm error ERESOLVE unable to resolve dependency tree
npm error
npm error While resolving: culturepass-app@1.2.1
npm error Found: react@19.2.0
npm error node_modules/react
npm error   react@"19.2.0" from the root project
npm error
npm error Could not resolve dependency:
npm error peer react@"^18.0.0" from react-native-web@0.19.13
npm error node_modules/react-native-web
npm error   react-native-web@"~0.19.13" from the root project
npm error
npm error Fix the upstream dependency conflict, or retry
npm error this command with --force or --legacy-peer-deps
npm error to accept an incorrect (and potentially broken) dependency resolution.
npm error
npm error
npm error For a full report see:
npm error /Users/cultureos/.npm/_logs/2026-05-24T15_37_44_532Z-eresolve-report.txt
npm error A complete log of this run can be found in: /Users/cultureos/.npm/_logs/2026-05-24T15_37_44_532Z-debug-0.log
